<?xml version="1.0" encoding="UTF-8"?>
<!-- Generated by org.testng.reporters.JUnitReportReporter -->
<testsuite hostname="NghiaNguyen-PC" name="DemoPackage.loadPosts" tests="4" failures="0" timestamp="14 Jun 2020 12:22:04 GMT" time="0.017" errors="0">
  <testcase name="verifyResponseNotNull" time="0.001" classname="DemoPackage.loadPosts"/>
  <testcase name="verifyStructure" time="0.001" classname="DemoPackage.loadPosts"/>
  <testcase name="verifyPostTitle" time="0.001" classname="DemoPackage.loadPosts"/>
  <testcase name="verifyStatus" time="0.014" classname="DemoPackage.loadPosts"/>
</testsuite> <!-- DemoPackage.loadPosts -->
